<?xml version="1.0" encoding="UTF-8"?>
<!-- Generated by org.testng.reporters.JUnitXMLReporter -->
<testsuite hostname="DESKTOP-GI6UN8V" ignored="4" name="GRP-subtitle" tests="2" failures="1" timestamp="2023-05-10T19:53:15 IST" time="0.052" errors="0">
  <testcase name="getTitle" time="0.008" classname="TestNGBasics.GoogleTest">
    <failure type="java.lang.NullPointerException">
      <![CDATA[java.lang.NullPointerException
at TestNGBasics.GoogleTest.getTitle(GoogleTest.java:30)
at sun.reflect.NativeMethodAccessorImpl.invoke0(Native Method)
at sun.reflect.NativeMethodAccessorImpl.invoke(NativeMethodAccessorImpl.java:62)
at sun.reflect.DelegatingMethodAccessorImpl.invoke(DelegatingMethodAccessorImpl.java:43)
at java.lang.reflect.Method.invoke(Method.java:498)
at org.testng.internal.MethodInvocationHelper.invokeMethod(MethodInvocationHelper.java:133)
at org.testng.internal.TestInvoker.invokeMethod(TestInvoker.java:598)
at org.testng.internal.TestInvoker.invokeTestMethod(TestInvoker.java:173)
at org.testng.internal.MethodRunner.runInSequence(MethodRunner.java:46)
at org.testng.internal.TestInvoker$MethodInvocationAgent.invoke(TestInvoker.java:824)
at org.testng.internal.TestInvoker.invokeTestMethods(TestInvoker.java:146)
at org.testng.internal.TestMethodWorker.invokeTestMethods(TestMethodWorker.java:146)
at org.testng.internal.TestMethodWorker.run(TestMethodWorker.java:128)
at java.util.ArrayList.forEach(ArrayList.java:1257)
at org.testng.TestRunner.privateRun(TestRunner.java:794)
at org.testng.TestRunner.run(TestRunner.java:596)
at org.testng.SuiteRunner.runTest(SuiteRunner.java:377)
at org.testng.SuiteRunner.runSequentially(SuiteRunner.java:371)
at org.testng.SuiteRunner.privateRun(SuiteRunner.java:332)
at org.testng.SuiteRunner.run(SuiteRunner.java:276)
at org.testng.SuiteRunnerWorker.runSuite(SuiteRunnerWorker.java:53)
at org.testng.SuiteRunnerWorker.run(SuiteRunnerWorker.java:96)
at org.testng.TestNG.runSuitesSequentially(TestNG.java:1212)
at org.testng.TestNG.runSuitesLocally(TestNG.java:1134)
at org.testng.TestNG.runSuites(TestNG.java:1063)
at org.testng.TestNG.run(TestNG.java:1031)
at org.testng.remote.AbstractRemoteTestNG.run(AbstractRemoteTestNG.java:115)
at org.testng.remote.RemoteTestNG.initAndRun(RemoteTestNG.java:251)
at org.testng.remote.RemoteTestNG.main(RemoteTestNG.java:77)
]]>
    </failure>
  </testcase> <!-- getTitle -->
  <testcase name="test1" time="0.002" classname="TestNGBasics.GoogleTest"/>
  <testcase name="links" time="0.0" classname="TestNGBasics.GoogleTest">
    <ignored/>
  </testcase> <!-- links -->
  <testcase name="test2" time="0.0" classname="TestNGBasics.GoogleTest">
    <ignored/>
  </testcase> <!-- test2 -->
  <testcase name="Retest" time="0.0" classname="TestNGBasics.GoogleTest">
    <ignored/>
  </testcase> <!-- Retest -->
  <testcase name="Logotest" time="0.0" classname="TestNGBasics.GoogleTest">
    <ignored/>
  </testcase> <!-- Logotest -->
</testsuite> <!-- GRP-subtitle -->
