<?xml version="1.0" encoding="UTF-8"?>
<!-- Generated by org.testng.reporters.JUnitXMLReporter -->
<testsuite hostname="DESKTOP-GI6UN8V" ignored="0" name="GRP-User register" tests="5" failures="0" timestamp="2023-05-08T15:40:23 IST" time="0.154" errors="0">
  <testcase name="Test3" time="0.013" classname="ui.GroupDemoTest"/>
  <testcase name="Test4" time="0.002" classname="ui.GroupDemoTest"/>
  <testcase name="Test5" time="0.001" classname="ui.GroupDemoTest"/>
  <testcase name="Test1" time="0.002" classname="ui.GroupDemoTest"/>
  <testcase name="Test2" time="0.003" classname="ui.GroupDemoTest"/>
</testsuite> <!-- GRP-User register -->
