<?xml version="1.0" encoding="UTF-8"?>
<!-- Generated by org.testng.reporters.JUnitXMLReporter -->
<testsuite hostname="DESKTOP-GI6UN8V" ignored="2" name="GRP-Bvt" tests="3" failures="0" timestamp="2023-05-08T23:03:30 IST" time="0.059" errors="0">
  <testcase name="Test3" time="0.011" classname="ui.GroupDemoTest"/>
  <testcase name="Test4" time="0.001" classname="ui.GroupDemoTest"/>
  <testcase name="Test5" time="0.001" classname="ui.GroupDemoTest"/>
  <testcase name="Test1" time="0.0" classname="ui.GroupDemoTest">
    <ignored/>
  </testcase> <!-- Test1 -->
  <testcase name="Test2" time="0.0" classname="ui.GroupDemoTest">
    <ignored/>
  </testcase> <!-- Test2 -->
</testsuite> <!-- GRP-Bvt -->
