<?xml version="1.0" encoding="UTF-8"?>
<!-- Generated by org.testng.reporters.JUnitXMLReporter -->
<testsuite hostname="DESKTOP-GI6UN8V" ignored="4" name="regressiontestcases" tests="3" failures="0" timestamp="2023-05-08T16:19:50 IST" time="0.045" errors="0">
  <testcase name="Test3" time="0.007" classname="ui.GroupDemoTest"/>
  <testcase name="Test4" time="0.002" classname="ui.GroupDemoTest"/>
  <testcase name="Test5" time="0.0" classname="ui.GroupDemoTest"/>
  <testcase name="Test1" time="0.0" classname="ui.GroupDemoTest">
    <ignored/>
  </testcase> <!-- Test1 -->
  <testcase name="Test2" time="0.0" classname="ui.LoginTest">
    <ignored/>
  </testcase> <!-- Test2 -->
  <testcase name="Test1" time="0.0" classname="ui.LoginTest">
    <ignored/>
  </testcase> <!-- Test1 -->
  <testcase name="Test2" time="0.0" classname="ui.GroupDemoTest">
    <ignored/>
  </testcase> <!-- Test2 -->
</testsuite> <!-- regressiontestcases -->
