<?xml version="1.0" encoding="UTF-8"?>
<!-- Generated by org.testng.reporters.JUnitXMLReporter -->
<testsuite hostname="DESKTOP-GI6UN8V" ignored="0" name="TEST browser Test" tests="3" failures="0" timestamp="2023-05-11T16:13:47 IST" time="12.777" errors="0">
  <testcase name="launchURLTest" time="7.482" classname="TestNGBasics.TestLoginusingParameters"/>
  <testcase name="login" time="4.839" classname="TestNGBasics.TestLoginusingParameters"/>
  <testcase name="closed" time="0.408" classname="TestNGBasics.TestLoginusingParameters"/>
</testsuite> <!-- TEST browser Test -->
